<?xml version="1.0" encoding="UTF-8"?>
<!-- Generated by org.testng.reporters.JUnitReportReporter -->
<testsuite hostname="HMECL000510" name="com.ascendlearning.examfx.smoke.tests.EFXSmokeTest1" tests="1" failures="0" timestamp="30 Sep 2016 09:26:36 GMT" time="0.706" errors="0">
  <testcase name="test_efx_116_LaunchApplication" time="0.706" classname="com.ascendlearning.examfx.smoke.tests.EFXSmokeTest1"/>
</testsuite> <!-- com.ascendlearning.examfx.smoke.tests.EFXSmokeTest1 -->
